<?xml version="1.0" encoding="UTF-8"?>
<testng-results ignored="0" total="2" passed="2" failed="0" skipped="0">
  <reporter-output>
  </reporter-output>
  <suite started-at="2023-03-19T21:35:18 EDT" name="Suite" finished-at="2023-03-19T21:35:29 EDT" duration-ms="11319">
    <groups>
    </groups>
    <test started-at="2023-03-19T21:35:18 EDT" name="Test1" finished-at="2023-03-19T21:35:29 EDT" duration-ms="10819">
      <class name="DemoBatch.SecondTab">
        <test-method signature="invokeBrowser1()[pri:0, instance:DemoBatch.SecondTab@40005471]" started-at="2023-03-19T21:35:18 EDT" name="invokeBrowser1" finished-at="2023-03-19T21:35:29 EDT" duration-ms="10771" status="PASS">
          <reporter-output>
          </reporter-output>
        </test-method> <!-- invokeBrowser1 -->
      </class> <!-- DemoBatch.SecondTab -->
    </test> <!-- Test1 -->
    <test started-at="2023-03-19T21:35:18 EDT" name="Test" finished-at="2023-03-19T21:35:29 EDT" duration-ms="11319">
      <class name="DemoBatch.FirstTab">
        <test-method signature="invokeBrowser()[pri:0, instance:DemoBatch.FirstTab@6771beb3]" started-at="2023-03-19T21:35:18 EDT" name="invokeBrowser" finished-at="2023-03-19T21:35:29 EDT" duration-ms="11278" status="PASS">
          <reporter-output>
          </reporter-output>
        </test-method> <!-- invokeBrowser -->
      </class> <!-- DemoBatch.FirstTab -->
    </test> <!-- Test -->
  </suite> <!-- Suite -->
</testng-results>
